C51 COMPILER V9.60.7.0   Q3_B_                                                             03/12/2023 14:51:33 PAGE 1   


C51 COMPILER V9.60.7.0, COMPILATION OF MODULE Q3_B_
OBJECT MODULE PLACED IN .\Objects\q3(b).obj
COMPILER INVOKED BY: C:\Keil_v5\C51\BIN\C51.EXE q3(b).c OPTIMIZE(8,SPEED) BROWSE DEBUG OBJECTEXTEND PRINT(.\Listings\q3(
                    -b).lst) TABS(2) OBJECT(.\Objects\q3(b).obj)

line level    source

   1          #include <at89c5131.h>
   2          #include <string.h>
   3          #include "lcd.h"
   4          
   5          sbit start_stop_pin = P1^0;
   6          sbit event_counter_pin = P3^4;
   7          
   8          unsigned char sec=0, min=0;
   9          unsigned int count=0;
  10          bit flag=0;
  11          
  12          unsigned int Value()  // reads the timer0 once and will get count subtracting the new value of timer0
  13          {
  14   1          unsigned int count;
  15   1        
  16   1          count = Timer_Count;   // Calculate the elapsed time
*** ERROR C202 IN LINE 16 OF q3(b).c: 'Timer_Count': undefined identifier
  17   1          return count;
  18   1      }
  19          void main()
  20          {
  21   1          lcd_init(); // Initialize the LCD module
  22   1          TMOD = 0x05; // Set Timer 0 in mode 1
  23   1          TH0 = 0x00; // Set initial value of Timer 0 to 0
  24   1          TL0 = 0x00;
  25   1          TR0 = 0; // Stop Timer 0 initially
  26   1          ET0 = 1; // Enable Timer 0 interrupt
  27   1          EA = 1; // Enable global interrupt
  28   1          lcd_cmd(0x80); // Move cursor to first line, first position
  29   1          lcd_write_string("STOPWATCH"); // Display "STOPWATCH" on the LCD
  30   1          while(1)
  31   1          {
  32   2              if(start_stop_pin == 1) // Check if the start/stop switch is ON
  33   2              {
  34   3                  flag=1; // Set the flag to indicate measurement has started
  35   3                  TR0 = 1; // Start Timer 0
  36   3                  while(start_stop_pin == 1); // Wait for the switch to turn OFF
  37   3                  TR0 = 0; // Stop Timer 0
  38   3                  flag=0; // Reset the flag to indicate measurement has stopped
  39   3                  
  40   3                  sec = count/60; // Calculate the number of seconds
  41   3                  min = sec/60; // Calculate the number of minutes
  42   3                  sec %= 60; // Calculate the remaining seconds
  43   3                  lcd_cmd(0xC0); // Move cursor to second line, first position
  44   3                  lcd_write_string("Time: "); // Display "Elapsed Time:" on the LCD
  45   3                  msdelay(500);
  46   3                  
  47   3                  lcd_write_char((min/10)+48); // Display tens digit of minutes
  48   3                  lcd_write_char((min%10)+48); // Display ones digit of minutes
  49   3                  lcd_write_char(':'); // Display ":" separator
  50   3                  lcd_write_char((sec/10)+48); // Display tens digit of seconds
  51   3                  lcd_write_char((sec%10)+48); // Display ones digit of seconds
  52   3                  count = 0; // Reset the event counter
  53   3                msdelay(500);
C51 COMPILER V9.60.7.0   Q3_B_                                                             03/12/2023 14:51:33 PAGE 2   

  54   3              }
  55   2              else
  56   2              {
  57   3                  if(flag==0)
  58   3                  {   
  59   4                      lcd_cmd(0xC0); // Move cursor to second line, first position
  60   4                      lcd_write_string("Press START"); // Display "Press START" on the LCD
  61   4                  }
  62   3              }
  63   2          }
  64   1      }

C51 COMPILATION COMPLETE.  0 WARNING(S),  1 ERROR(S)
